2023.04.04 03:03:42 INFO  Started: Metals version 0.11.11 in workspace '/home/f/Desktop/ofp_lab1' for client Code - OSS 1.75.1.
SLF4J: No SLF4J providers were found.
SLF4J: Defaulting to no-operation (NOP) logger implementation
SLF4J: See https://www.slf4j.org/codes.html#noProviders for further details.
SLF4J: Class path contains SLF4J bindings targeting slf4j-api versions 1.7.x or earlier.
SLF4J: Ignoring binding found at [jar:file:/home/f/.cache/coursier/v1/https/repo1.maven.org/maven2/com/outr/scribe-slf4j_2.13/3.11.0/scribe-slf4j_2.13-3.11.0.jar!/org/slf4j/impl/StaticLoggerBinder.class]
SLF4J: See https://www.slf4j.org/codes.html#ignoredBindings for an explanation.
2023.04.04 03:03:43 INFO  time: initialize in 0.91s
2023.04.04 03:03:46 WARN  Build server is not auto-connectable.
2023.04.04 03:03:46 WARN  no build tool detected in workspace '/home/f/Desktop/ofp_lab1'. The most common cause for this problem is that the editor was opened in the wrong working directory, for example if you use sbt then the workspace directory should contain build.sbt. 
2023.04.04 03:03:46 WARN  no build target for: /home/f/Desktop/ofp_lab1/lab1.scala
2023.04.04 03:03:50 INFO  no build target found for /home/f/Desktop/ofp_lab1/lab1.scala. Using presentation compiler with project's scala-library version: 3.2.2
2023.04.04 03:07:56 WARN  no build target for: /home/f/Desktop/ofp_lab2/lab2.scala
2023.04.04 03:07:59 INFO  time: code lens generation in 1.72s
2023.04.04 03:07:59 INFO  time: code lens generation in 1.22s
2023.04.04 03:08:34 WARN  no build target for: /home/f/Desktop/ofp_lab2/lab2.scala
2023.04.04 03:08:53 WARN  no build target for: /home/f/Desktop/ofp_lab2/lab2.scala
2023.04.04 03:14:32 INFO  Shutting down server
2023.04.04 03:14:32 INFO  shutting down Metals
2023.04.04 03:14:32 INFO  Exiting server
